{
 "cells": [
  {
   "cell_type": "markdown",
   "metadata": {},
   "source": [
    "# Healthcare Analytics Lab: OLTP to Star Schema\n",
    "\n",
    "**Objective**: Analyze the OLTP schema, identify performance issues, then design and build an optimized star schema.\n",
    "\n",
    "---\n",
    "\n",
    "## Setup & Database Connection"
   ]
  },
  {
   "cell_type": "code",
   "execution_count": 1,
   "metadata": {},
   "outputs": [
    {
     "name": "stdout",
     "output_type": "stream",
     "text": [
      "Requirement already satisfied: ipython-sql in d:\\xcode\\amalitech\\dem04-data-modeling-lab\\.venv\\lib\\site-packages (0.5.0)\n",
      "Requirement already satisfied: sqlalchemy in d:\\xcode\\amalitech\\dem04-data-modeling-lab\\.venv\\lib\\site-packages (2.0.46)\n",
      "Requirement already satisfied: mysql-connector-python in d:\\xcode\\amalitech\\dem04-data-modeling-lab\\.venv\\lib\\site-packages (9.5.0)\n",
      "Requirement already satisfied: pymysql in d:\\xcode\\amalitech\\dem04-data-modeling-lab\\.venv\\lib\\site-packages (1.1.2)\n",
      "Requirement already satisfied: prettytable in d:\\xcode\\amalitech\\dem04-data-modeling-lab\\.venv\\lib\\site-packages (from ipython-sql) (3.17.0)\n",
      "Requirement already satisfied: ipython in d:\\xcode\\amalitech\\dem04-data-modeling-lab\\.venv\\lib\\site-packages (from ipython-sql) (9.9.0)\n",
      "Requirement already satisfied: sqlparse in d:\\xcode\\amalitech\\dem04-data-modeling-lab\\.venv\\lib\\site-packages (from ipython-sql) (0.5.5)\n",
      "Requirement already satisfied: six in d:\\xcode\\amalitech\\dem04-data-modeling-lab\\.venv\\lib\\site-packages (from ipython-sql) (1.17.0)\n",
      "Requirement already satisfied: ipython-genutils in d:\\xcode\\amalitech\\dem04-data-modeling-lab\\.venv\\lib\\site-packages (from ipython-sql) (0.2.0)\n",
      "Requirement already satisfied: greenlet>=1 in d:\\xcode\\amalitech\\dem04-data-modeling-lab\\.venv\\lib\\site-packages (from sqlalchemy) (3.3.0)\n",
      "Requirement already satisfied: typing-extensions>=4.6.0 in d:\\xcode\\amalitech\\dem04-data-modeling-lab\\.venv\\lib\\site-packages (from sqlalchemy) (4.15.0)\n",
      "Requirement already satisfied: colorama>=0.4.4 in d:\\xcode\\amalitech\\dem04-data-modeling-lab\\.venv\\lib\\site-packages (from ipython->ipython-sql) (0.4.6)\n",
      "Requirement already satisfied: decorator>=4.3.2 in d:\\xcode\\amalitech\\dem04-data-modeling-lab\\.venv\\lib\\site-packages (from ipython->ipython-sql) (5.2.1)\n",
      "Requirement already satisfied: ipython-pygments-lexers>=1.0.0 in d:\\xcode\\amalitech\\dem04-data-modeling-lab\\.venv\\lib\\site-packages (from ipython->ipython-sql) (1.1.1)\n",
      "Requirement already satisfied: jedi>=0.18.1 in d:\\xcode\\amalitech\\dem04-data-modeling-lab\\.venv\\lib\\site-packages (from ipython->ipython-sql) (0.19.2)\n",
      "Requirement already satisfied: matplotlib-inline>=0.1.5 in d:\\xcode\\amalitech\\dem04-data-modeling-lab\\.venv\\lib\\site-packages (from ipython->ipython-sql) (0.2.1)\n",
      "Requirement already satisfied: prompt_toolkit<3.1.0,>=3.0.41 in d:\\xcode\\amalitech\\dem04-data-modeling-lab\\.venv\\lib\\site-packages (from ipython->ipython-sql) (3.0.52)\n",
      "Requirement already satisfied: pygments>=2.11.0 in d:\\xcode\\amalitech\\dem04-data-modeling-lab\\.venv\\lib\\site-packages (from ipython->ipython-sql) (2.19.2)\n",
      "Requirement already satisfied: stack_data>=0.6.0 in d:\\xcode\\amalitech\\dem04-data-modeling-lab\\.venv\\lib\\site-packages (from ipython->ipython-sql) (0.6.3)\n",
      "Requirement already satisfied: traitlets>=5.13.0 in d:\\xcode\\amalitech\\dem04-data-modeling-lab\\.venv\\lib\\site-packages (from ipython->ipython-sql) (5.14.3)\n",
      "Requirement already satisfied: wcwidth in d:\\xcode\\amalitech\\dem04-data-modeling-lab\\.venv\\lib\\site-packages (from prettytable->ipython-sql) (0.3.1)\n",
      "Requirement already satisfied: parso<0.9.0,>=0.8.4 in d:\\xcode\\amalitech\\dem04-data-modeling-lab\\.venv\\lib\\site-packages (from jedi>=0.18.1->ipython->ipython-sql) (0.8.5)\n",
      "Requirement already satisfied: executing>=1.2.0 in d:\\xcode\\amalitech\\dem04-data-modeling-lab\\.venv\\lib\\site-packages (from stack_data>=0.6.0->ipython->ipython-sql) (2.2.1)\n",
      "Requirement already satisfied: asttokens>=2.1.0 in d:\\xcode\\amalitech\\dem04-data-modeling-lab\\.venv\\lib\\site-packages (from stack_data>=0.6.0->ipython->ipython-sql) (3.0.1)\n",
      "Requirement already satisfied: pure-eval in d:\\xcode\\amalitech\\dem04-data-modeling-lab\\.venv\\lib\\site-packages (from stack_data>=0.6.0->ipython->ipython-sql) (0.2.3)\n"
     ]
    },
    {
     "name": "stderr",
     "output_type": "stream",
     "text": [
      "\n",
      "[notice] A new release of pip is available: 24.0 -> 25.3\n",
      "[notice] To update, run: python.exe -m pip install --upgrade pip\n"
     ]
    }
   ],
   "source": [
    "!pip install ipython-sql sqlalchemy mysql-connector-python pymysql"
   ]
  },
  {
   "cell_type": "code",
   "execution_count": 2,
   "metadata": {},
   "outputs": [],
   "source": [
    "%load_ext sql\n",
    "# %sql sqlite:///:memory:\n",
    "\n",
    "\n",
    "# %sql mysql+pymysql://root:password@localhost:3306/\n",
    "\n",
    "\n",
    "# Uses internal Docker network, so port 3306\n",
    "# %sql mysql+pymysql://root:password@mysql:3306/healthcare_analytics_lab\n",
    "%sql mysql+pymysql://root:password@localhost:3306/healthcare_analytics_lab"
   ]
  },
  {
   "cell_type": "code",
   "execution_count": 4,
   "metadata": {},
   "outputs": [],
   "source": [
    "%config SqlMagic.style = '_DEPRECATED_DEFAULT'"
   ]
  },
  {
   "cell_type": "markdown",
   "metadata": {},
   "source": [
    "---\n",
    "\n",
    "## Part 1: Explore the OLTP Schema\n",
    "\n",
    "Verify all tables exist and check their data."
   ]
  },
  {
   "cell_type": "markdown",
   "metadata": {},
   "source": [
    "### OLTP ERD DIAGRAM\n",
    "![OLTP ERD DIAGRAM](../diagrams/erd_diagram.png)"
   ]
  },
  {
   "cell_type": "code",
   "execution_count": 5,
   "metadata": {},
   "outputs": [
    {
     "name": "stdout",
     "output_type": "stream",
     "text": [
      " * mysql+pymysql://root:***@localhost:3306/healthcare_analytics_lab\n",
      "24 rows affected.\n"
     ]
    },
    {
     "data": {
      "text/html": [
       "<table>\n",
       "    <thead>\n",
       "        <tr>\n",
       "            <th>Tables_in_healthcare_analytics_lab</th>\n",
       "        </tr>\n",
       "    </thead>\n",
       "    <tbody>\n",
       "        <tr>\n",
       "            <td>billing</td>\n",
       "        </tr>\n",
       "        <tr>\n",
       "            <td>bridge_encounter_diagnoses</td>\n",
       "        </tr>\n",
       "        <tr>\n",
       "            <td>bridge_encounter_procedures</td>\n",
       "        </tr>\n",
       "        <tr>\n",
       "            <td>departments</td>\n",
       "        </tr>\n",
       "        <tr>\n",
       "            <td>diagnoses</td>\n",
       "        </tr>\n",
       "        <tr>\n",
       "            <td>dim_date</td>\n",
       "        </tr>\n",
       "        <tr>\n",
       "            <td>dim_department</td>\n",
       "        </tr>\n",
       "        <tr>\n",
       "            <td>dim_diagnosis</td>\n",
       "        </tr>\n",
       "        <tr>\n",
       "            <td>dim_diagnosis_procedure_summary</td>\n",
       "        </tr>\n",
       "        <tr>\n",
       "            <td>dim_encounter_type</td>\n",
       "        </tr>\n",
       "        <tr>\n",
       "            <td>dim_patient</td>\n",
       "        </tr>\n",
       "        <tr>\n",
       "            <td>dim_procedure</td>\n",
       "        </tr>\n",
       "        <tr>\n",
       "            <td>dim_provider</td>\n",
       "        </tr>\n",
       "        <tr>\n",
       "            <td>dim_specialty</td>\n",
       "        </tr>\n",
       "        <tr>\n",
       "            <td>encounter_diagnoses</td>\n",
       "        </tr>\n",
       "        <tr>\n",
       "            <td>encounter_procedures</td>\n",
       "        </tr>\n",
       "        <tr>\n",
       "            <td>encounters</td>\n",
       "        </tr>\n",
       "        <tr>\n",
       "            <td>etl_log</td>\n",
       "        </tr>\n",
       "        <tr>\n",
       "            <td>etl_metadata</td>\n",
       "        </tr>\n",
       "        <tr>\n",
       "            <td>fact_encounters</td>\n",
       "        </tr>\n",
       "        <tr>\n",
       "            <td>patients</td>\n",
       "        </tr>\n",
       "        <tr>\n",
       "            <td>procedures</td>\n",
       "        </tr>\n",
       "        <tr>\n",
       "            <td>providers</td>\n",
       "        </tr>\n",
       "        <tr>\n",
       "            <td>specialties</td>\n",
       "        </tr>\n",
       "    </tbody>\n",
       "</table>"
      ],
      "text/plain": [
       "[('billing',),\n",
       " ('bridge_encounter_diagnoses',),\n",
       " ('bridge_encounter_procedures',),\n",
       " ('departments',),\n",
       " ('diagnoses',),\n",
       " ('dim_date',),\n",
       " ('dim_department',),\n",
       " ('dim_diagnosis',),\n",
       " ('dim_diagnosis_procedure_summary',),\n",
       " ('dim_encounter_type',),\n",
       " ('dim_patient',),\n",
       " ('dim_procedure',),\n",
       " ('dim_provider',),\n",
       " ('dim_specialty',),\n",
       " ('encounter_diagnoses',),\n",
       " ('encounter_procedures',),\n",
       " ('encounters',),\n",
       " ('etl_log',),\n",
       " ('etl_metadata',),\n",
       " ('fact_encounters',),\n",
       " ('patients',),\n",
       " ('procedures',),\n",
       " ('providers',),\n",
       " ('specialties',)]"
      ]
     },
     "execution_count": 5,
     "metadata": {},
     "output_type": "execute_result"
    }
   ],
   "source": [
    "%%sql\n",
    "SHOW TABLES;"
   ]
  },
  {
   "cell_type": "markdown",
   "metadata": {},
   "source": []
  },
  {
   "cell_type": "markdown",
   "metadata": {},
   "source": [
    "---\n",
    "\n",
    "## Part 2: Performance Analysis - 4 Business Questions with OLTP\n",
    "\n",
    "We'll write queries to answer the 4 business questions and measure their performance."
   ]
  },
  {
   "cell_type": "markdown",
   "metadata": {},
   "source": [
    "### Question 1: Monthly Encounters by Specialty\n",
    "\n",
    "**Goal**: For each month and specialty, show total encounters and unique patients by encounter type."
   ]
  },
  {
   "cell_type": "code",
   "execution_count": 6,
   "metadata": {},
   "outputs": [
    {
     "name": "stdout",
     "output_type": "stream",
     "text": [
      " * mysql+pymysql://root:***@localhost:3306/healthcare_analytics_lab\n",
      "1 rows affected.\n"
     ]
    },
    {
     "data": {
      "text/html": [
       "<table>\n",
       "    <thead>\n",
       "        <tr>\n",
       "            <th>EXPLAIN</th>\n",
       "        </tr>\n",
       "    </thead>\n",
       "    <tbody>\n",
       "        <tr>\n",
       "            <td>-&gt; Group aggregate: count(distinct encounters.encounter_id), count(distinct encounters.patient_id)  (actual time=87.5..98 rows=1440 loops=1)<br>    -&gt; Sort: encounter_month, s.specialty_name, e.encounter_type  (actual time=87.4..89.1 rows=13200 loops=1)<br>        -&gt; Stream results  (cost=4856 rows=13567) (actual time=0.162..34.3 rows=13200 loops=1)<br>            -&gt; Nested loop inner join  (cost=4856 rows=13567) (actual time=0.151..27 rows=13200 loops=1)<br>                -&gt; Nested loop inner join  (cost=108 rows=1000) (actual time=0.0658..0.795 rows=1000 loops=1)<br>                    -&gt; Table scan on s  (cost=2.25 rows=20) (actual time=0.0416..0.0975 rows=20 loops=1)<br>                    -&gt; Covering index lookup on p using specialty_id (specialty_id=s.specialty_id)  (cost=0.513 rows=50) (actual time=0.008..0.0323 rows=50 loops=20)<br>                -&gt; Index lookup on e using provider_id (provider_id=p.provider_id)  (cost=3.39 rows=13.6) (actual time=0.0222..0.0255 rows=13.2 loops=1000)<br></td>\n",
       "        </tr>\n",
       "    </tbody>\n",
       "</table>"
      ],
      "text/plain": [
       "[('-> Group aggregate: count(distinct encounters.encounter_id), count(distinct encounters.patient_id)  (actual time=87.5..98 rows=1440 loops=1)\\n    ->  ... (698 characters truncated) ...         -> Index lookup on e using provider_id (provider_id=p.provider_id)  (cost=3.39 rows=13.6) (actual time=0.0222..0.0255 rows=13.2 loops=1000)\\n',)]"
      ]
     },
     "execution_count": 6,
     "metadata": {},
     "output_type": "execute_result"
    }
   ],
   "source": [
    "%%sql\n",
    "\n",
    "EXPLAIN ANALYZE\n",
    "SELECT \n",
    "    DATE_FORMAT(e.encounter_date, '%Y-%m') AS encounter_month,\n",
    "    s.specialty_name,\n",
    "    e.encounter_type,\n",
    "    COUNT(DISTINCT e.encounter_id) AS total_encounters,\n",
    "    COUNT(DISTINCT e.patient_id) AS unique_patients\n",
    "FROM encounters e\n",
    "INNER JOIN providers p ON e.provider_id = p.provider_id\n",
    "INNER JOIN specialties s ON p.specialty_id = s.specialty_id\n",
    "GROUP BY \n",
    "    DATE_FORMAT(e.encounter_date, '%Y-%m'),\n",
    "    s.specialty_name,\n",
    "    e.encounter_type\n",
    "ORDER BY \n",
    "    encounter_month,\n",
    "    s.specialty_name,\n",
    "    e.encounter_type;"
   ]
  },
  {
   "cell_type": "markdown",
   "metadata": {},
   "source": [
    "**Analysis:**\n",
    "\n",
    "- **Tables joined**: 3 (encounters → providers → specialties)\n",
    "- **Number of joins**: 2\n",
    "\n",
    "**Performance:**\n",
    "\n",
    "- **Execution time**: 0.0518 seconds (51.8 milliseconds)\n",
    "- **Estimated rows scanned**: 9,784 rows (estimated)\n",
    "- **Actual rows processed**: 10,000 rows from encounters table\n",
    "\n",
    "**Bottleneck Identified:**\n",
    "\n",
    "- **Full sort operation**: 10,000 rows sorted before grouping (encounters × providers × specialties)\n",
    "- **Nested loop joins**: 1,000 provider-specialty combinations, each triggering 10 encounter lookups (10,000 total index lookups)\n",
    "- **Date calculation at query time**: `DATE_FORMAT()` computed 10,000 times during GROUP BY\n",
    "- **Multiple DISTINCT counts**: Two separate distinct aggregations (encounter_id and patient_id) computed for each group\n",
    "- **No pre-aggregated data**: All counts and groupings calculated at query time\n",
    "- **Large intermediate result set**: Join produces 10,000 rows before aggregation reduces to 720 final groups"
   ]
  },
  {
   "cell_type": "markdown",
   "metadata": {},
   "source": [
    "### Question 2: Top Diagnosis-Procedure Pairs\n",
    "\n",
    "**Goal**: What are the most common diagnosis-procedure combinations?"
   ]
  },
  {
   "cell_type": "code",
   "execution_count": 7,
   "metadata": {},
   "outputs": [
    {
     "name": "stdout",
     "output_type": "stream",
     "text": [
      " * mysql+pymysql://root:***@localhost:3306/healthcare_analytics_lab\n",
      "1 rows affected.\n"
     ]
    },
    {
     "data": {
      "text/html": [
       "<table>\n",
       "    <thead>\n",
       "        <tr>\n",
       "            <th>EXPLAIN</th>\n",
       "        </tr>\n",
       "    </thead>\n",
       "    <tbody>\n",
       "        <tr>\n",
       "            <td>-&gt; Sort: dim_diagnosis_procedure_summary.encounter_count DESC  (cost=1011 rows=9870) (actual time=15.6..17.7 rows=10000 loops=1)<br>    -&gt; Table scan on dim_diagnosis_procedure_summary  (cost=1011 rows=9870) (actual time=0.091..7.14 rows=10000 loops=1)<br></td>\n",
       "        </tr>\n",
       "    </tbody>\n",
       "</table>"
      ],
      "text/plain": [
       "[('-> Sort: dim_diagnosis_procedure_summary.encounter_count DESC  (cost=1011 rows=9870) (actual time=15.6..17.7 rows=10000 loops=1)\\n    -> Table scan on dim_diagnosis_procedure_summary  (cost=1011 rows=9870) (actual time=0.091..7.14 rows=10000 loops=1)\\n',)]"
      ]
     },
     "execution_count": 7,
     "metadata": {},
     "output_type": "execute_result"
    }
   ],
   "source": [
    "%%sql\n",
    "EXPLAIN ANALYZE\n",
    "SELECT \n",
    "    icd10_code,\n",
    "    icd10_description,\n",
    "    cpt_code,\n",
    "    cpt_description,\n",
    "    encounter_count,\n",
    "    total_revenue,\n",
    "    ROUND(avg_length_of_stay_days, 1) AS avg_los_days\n",
    "FROM dim_diagnosis_procedure_summary\n",
    "ORDER BY encounter_count DESC;"
   ]
  },
  {
   "cell_type": "markdown",
   "metadata": {},
   "source": [
    "**Analysis:**\n",
    "\n",
    "- **Tables joined**: 4 (encounter_diagnoses → diagnoses → encounter_procedures → procedures)\n",
    "- **Number of joins**: 4\n",
    "\n",
    "**Performance:**\n",
    "\n",
    "- **Execution time**: 0.104 seconds (104 milliseconds)\n",
    "- **Estimated rows scanned**: 9,744 rows (estimated)\n",
    "- **Actual rows processed**: 10,000 rows from diagnoses table\n",
    "\n",
    "**Bottleneck Identified:**\n",
    "\n",
    "- **Full table scan on diagnoses**: 10,000 rows scanned from diagnoses table\n",
    "- **Cartesian product explosion**: Junction table joins create 10,000 intermediate rows (diagnoses × encounter_diagnoses × encounter_procedures × procedures)\n",
    "- **Multiple nested loops**: 4 levels of nested loop joins, with 10,000 iterations each (40,000 total index lookups)\n",
    "- **Double sort operation**: Data sorted before grouping (10,000 rows) and after aggregation (592 rows)\n",
    "- **Complex GROUP BY**: Grouping by 4 text columns (2 codes + 2 descriptions)\n",
    "- **DISTINCT count overhead**: Computing distinct encounter_id across 10,000 rows to deduplicate cartesian product\n",
    "- **No indexed access**: Starting with full table scan instead of using indexes on junction tables"
   ]
  },
  {
   "cell_type": "markdown",
   "metadata": {},
   "source": [
    "### Question 3: 30-Day Readmission Rate\n",
    "\n",
    "**Goal**: Which specialty has the highest readmission rate?"
   ]
  },
  {
   "cell_type": "code",
   "execution_count": 15,
   "metadata": {},
   "outputs": [
    {
     "name": "stdout",
     "output_type": "stream",
     "text": [
      " * mysql+pymysql://root:***@localhost:3306/healthcare_analytics_lab\n",
      "1 rows affected.\n"
     ]
    },
    {
     "data": {
      "text/html": [
       "<table>\n",
       "    <thead>\n",
       "        <tr>\n",
       "            <th>EXPLAIN</th>\n",
       "        </tr>\n",
       "    </thead>\n",
       "    <tbody>\n",
       "        <tr>\n",
       "            <td>-&gt; Sort: readmission_rate_percent DESC  (actual time=92.5..92.5 rows=20 loops=1)<br>    -&gt; Stream results  (actual time=89.7..92.4 rows=20 loops=1)<br>        -&gt; Group aggregate: count(distinct encounters.initial_encounter_id), count(distinct encounters.readmission_encounter_id), count(distinct encounters.initial_encounter_id), count(distinct encounters.readmission_encounter_id)  (actual time=89.7..92.4 rows=20 loops=1)<br>            -&gt; Sort: s.specialty_name  (actual time=89.4..89.8 rows=4533 loops=1)<br>                -&gt; Stream results  (cost=2600 rows=1212) (actual time=0.552..84.6 rows=4533 loops=1)<br>                    -&gt; Nested loop left join  (cost=2600 rows=1212) (actual time=0.548..80.7 rows=4533 loops=1)<br>                        -&gt; Nested loop inner join  (cost=2181 rows=1191) (actual time=0.286..26.3 rows=4533 loops=1)<br>                            -&gt; Nested loop inner join  (cost=1764 rows=1191) (actual time=0.282..19.9 rows=4533 loops=1)<br>                                -&gt; Filter: ((e1.encounter_type = &#x27;Inpatient&#x27;) and (e1.discharge_date is not null) and (e1.provider_id is not null))  (cost=1348 rows=1191) (actual time=0.247..11 rows=4533 loops=1)<br>                                    -&gt; Table scan on e1  (cost=1348 rows=13233) (actual time=0.241..7.9 rows=13200 loops=1)<br>                                -&gt; Filter: (p.specialty_id is not null)  (cost=0.25 rows=1) (actual time=0.00169..0.00177 rows=1 loops=4533)<br>                                    -&gt; Single-row index lookup on p using PRIMARY (provider_id=e1.provider_id)  (cost=0.25 rows=1) (actual time=0.00153..0.00155 rows=1 loops=4533)<br>                            -&gt; Single-row index lookup on s using PRIMARY (specialty_id=p.specialty_id)  (cost=0.25 rows=1) (actual time=0.00117..0.00121 rows=1 loops=4533)<br>                        -&gt; Nested loop inner join  (cost=601 rows=1.02) (actual time=0.0116..0.0116 rows=0.0441 loops=4533)<br>                            -&gt; Nested loop inner join  (cost=298 rows=1) (actual time=0.00334..0.00357 rows=1 loops=4533)<br>                                -&gt; Filter: ((e1.encounter_type = &#x27;Inpatient&#x27;) and (e1.discharge_date is not null))  (cost=0.25 rows=1) (actual time=0.00208..0.00217 rows=1 loops=4533)<br>                                    -&gt; Single-row index lookup on e1 using PRIMARY (encounter_id=e1.encounter_id)  (cost=0.25 rows=1) (actual time=0.00163..0.00166 rows=1 loops=4533)<br>                                -&gt; Single-row covering index lookup on p using PRIMARY (provider_id=e1.provider_id)  (cost=0.25 rows=1) (actual time=0.00106..0.00109 rows=1 loops=4533)<br>                            -&gt; Filter: ((e2.encounter_type = &#x27;Inpatient&#x27;) and (e2.encounter_date &gt; e1.discharge_date) and ((to_days(e2.encounter_date) - to_days(e1.discharge_date)) &lt;= 30))  (cost=0.255 rows=1.02) (actual time=0.00767..0.00772 rows=0.0441 loops=4533)<br>                                -&gt; Index lookup on e2 using patient_id (patient_id=e1.patient_id)  (cost=0.255 rows=1.02) (actual time=0.00624..0.00697 rows=1.09 loops=4533)<br></td>\n",
       "        </tr>\n",
       "    </tbody>\n",
       "</table>"
      ],
      "text/plain": [
       "[(\"-> Sort: readmission_rate_percent DESC  (actual time=92.5..92.5 rows=20 loops=1)\\n    -> Stream results  (actual time=89.7..92.4 rows=20 loops=1)\\n   ... (2743 characters truncated) ...       -> Index lookup on e2 using patient_id (patient_id=e1.patient_id)  (cost=0.255 rows=1.02) (actual time=0.00624..0.00697 rows=1.09 loops=4533)\\n\",)]"
      ]
     },
     "execution_count": 15,
     "metadata": {},
     "output_type": "execute_result"
    }
   ],
   "source": [
    "%%sql\n",
    "\n",
    "EXPLAIN ANALYZE\n",
    "WITH inpatient_discharges AS (\n",
    "    SELECT \n",
    "        e1.patient_id,\n",
    "        e1.encounter_id AS initial_encounter_id,\n",
    "        e1.discharge_date,\n",
    "        e1.provider_id,\n",
    "        p.specialty_id\n",
    "    FROM encounters e1\n",
    "    INNER JOIN providers p ON e1.provider_id = p.provider_id\n",
    "    WHERE e1.encounter_type = 'Inpatient' \n",
    "      AND e1.discharge_date IS NOT NULL\n",
    "),\n",
    "readmissions AS (\n",
    "    SELECT \n",
    "        id.patient_id,\n",
    "        id.initial_encounter_id,\n",
    "        id.discharge_date,\n",
    "        id.specialty_id,\n",
    "        e2.encounter_id AS readmission_encounter_id,\n",
    "        e2.encounter_date AS readmission_date,\n",
    "        DATEDIFF(e2.encounter_date, id.discharge_date) AS days_to_readmit\n",
    "    FROM inpatient_discharges id\n",
    "    INNER JOIN encounters e2 \n",
    "        ON id.patient_id = e2.patient_id\n",
    "        AND e2.encounter_type = 'Inpatient'\n",
    "        AND e2.encounter_date > id.discharge_date\n",
    "        AND DATEDIFF(e2.encounter_date, id.discharge_date) <= 30\n",
    ")\n",
    "SELECT \n",
    "    s.specialty_name,\n",
    "    COUNT(DISTINCT id.initial_encounter_id) AS total_discharges,\n",
    "    COUNT(DISTINCT r.readmission_encounter_id) AS readmissions_within_30days,\n",
    "    ROUND(COUNT(DISTINCT r.readmission_encounter_id) * 100.0 / \n",
    "          COUNT(DISTINCT id.initial_encounter_id), 2) AS readmission_rate_percent\n",
    "FROM inpatient_discharges id\n",
    "LEFT JOIN readmissions r \n",
    "    ON id.initial_encounter_id = r.initial_encounter_id\n",
    "INNER JOIN specialties s ON id.specialty_id = s.specialty_id\n",
    "GROUP BY s.specialty_name\n",
    "ORDER BY readmission_rate_percent DESC;"
   ]
  },
  {
   "cell_type": "markdown",
   "metadata": {},
   "source": [
    "**Schema Analysis:**\n",
    "\n",
    "- **Tables joined**: 3 (encounters self-joined + providers + specialties)\n",
    "- **Number of joins**: Self-join on encounters + 2 additional joins\n",
    "\n",
    "**Performance:**\n",
    "\n",
    "- **Execution time**: 0.0453 seconds (45.3 milliseconds)\n",
    "- **Estimated rows scanned**: 9,784 rows from encounters table (full table scan)\n",
    "- **Actual rows processed**: 10,000 rows scanned, filtered to 3,333 inpatient discharges\n",
    "\n",
    "**Bottleneck Identified:**\n",
    "\n",
    "- **Full table scan on encounters**: 10,000 rows scanned, then filtered to 3,333 inpatient encounters\n",
    "- **Self-join creates nested loops**: Each of 3,333 initial discharges triggers lookup for readmissions (3,333 patient_id index lookups)\n",
    "- **Complex join conditions in self-join**: Multiple filters applied per iteration (encounter type, date comparison, 30-day window using `DATEDIFF()`)\n",
    "- **Date calculation overhead**: `to_days()` function called twice for each potential readmission pair\n",
    "- **Multiple DISTINCT counts**: Four distinct aggregations computed (2 for initial encounters, 2 for readmissions)\n",
    "- **Sort before and after aggregation**: Data sorted by specialty name (3,333 rows), then by readmission rate (20 final rows)\n",
    "- **Low readmission rate multiplies work**: Only 264 actual readmissions found (3,333 × 0.0792), but all encounters must be checked\n",
    "- **No pre-computed readmission flags**: Must calculate readmission status for every encounter at query time"
   ]
  },
  {
   "cell_type": "markdown",
   "metadata": {},
   "source": [
    "### Question 4: Revenue by Specialty & Month\n",
    "\n",
    "**Goal**: Total allowed amounts by specialty and month."
   ]
  },
  {
   "cell_type": "code",
   "execution_count": 13,
   "metadata": {},
   "outputs": [
    {
     "name": "stdout",
     "output_type": "stream",
     "text": [
      " * mysql+pymysql://root:***@localhost:3306/healthcare_analytics_lab\n",
      "1 rows affected.\n"
     ]
    },
    {
     "data": {
      "text/html": [
       "<table>\n",
       "    <thead>\n",
       "        <tr>\n",
       "            <th>EXPLAIN</th>\n",
       "        </tr>\n",
       "    </thead>\n",
       "    <tbody>\n",
       "        <tr>\n",
       "            <td>-&gt; Sort: revenue_month, total_revenue DESC  (actual time=94.7..94.8 rows=348 loops=1)<br>    -&gt; Stream results  (actual time=86.3..94.4 rows=348 loops=1)<br>        -&gt; Group aggregate: avg(billing.allowed_amount), count(distinct encounters.encounter_id), sum(billing.allowed_amount)  (actual time=86.3..94 rows=348 loops=1)<br>            -&gt; Sort: revenue_month, s.specialty_name  (actual time=86.2..87.8 rows=9240 loops=1)<br>                -&gt; Stream results  (cost=2673 rows=1292) (actual time=0.491..73.9 rows=9240 loops=1)<br>                    -&gt; Nested loop inner join  (cost=2673 rows=1292) (actual time=0.483..63.3 rows=9240 loops=1)<br>                        -&gt; Nested loop inner join  (cost=2221 rows=1292) (actual time=0.475..50.2 rows=9240 loops=1)<br>                            -&gt; Nested loop inner join  (cost=1769 rows=1292) (actual time=0.425..34.2 rows=9240 loops=1)<br>                                -&gt; Filter: ((b.claim_status = &#x27;Paid&#x27;) and (b.encounter_id is not null))  (cost=1317 rows=1292) (actual time=0.409..14.4 rows=9240 loops=1)<br>                                    -&gt; Table scan on b  (cost=1317 rows=12923) (actual time=0.403..10.5 rows=13200 loops=1)<br>                                -&gt; Filter: (e.provider_id is not null)  (cost=0.25 rows=1) (actual time=0.00185..0.00194 rows=1 loops=9240)<br>                                    -&gt; Single-row index lookup on e using PRIMARY (encounter_id=b.encounter_id)  (cost=0.25 rows=1) (actual time=0.00169..0.00172 rows=1 loops=9240)<br>                            -&gt; Filter: (p.specialty_id is not null)  (cost=0.25 rows=1) (actual time=0.00145..0.00154 rows=1 loops=9240)<br>                                -&gt; Single-row index lookup on p using PRIMARY (provider_id=e.provider_id)  (cost=0.25 rows=1) (actual time=0.0013..0.00133 rows=1 loops=9240)<br>                        -&gt; Single-row index lookup on s using PRIMARY (specialty_id=p.specialty_id)  (cost=0.25 rows=1) (actual time=0.00117..0.00121 rows=1 loops=9240)<br></td>\n",
       "        </tr>\n",
       "    </tbody>\n",
       "</table>"
      ],
      "text/plain": [
       "[(\"-> Sort: revenue_month, total_revenue DESC  (actual time=94.7..94.8 rows=348 loops=1)\\n    -> Stream results  (actual time=86.3..94.4 rows=348 loops= ... (1680 characters truncated) ...    -> Single-row index lookup on s using PRIMARY (specialty_id=p.specialty_id)  (cost=0.25 rows=1) (actual time=0.00117..0.00121 rows=1 loops=9240)\\n\",)]"
      ]
     },
     "execution_count": 13,
     "metadata": {},
     "output_type": "execute_result"
    }
   ],
   "source": [
    "%%sql\n",
    "\n",
    "EXPLAIN ANALYZE\n",
    "SELECT \n",
    "    DATE_FORMAT(e.encounter_date, '%Y-%m') AS revenue_month,\n",
    "    s.specialty_name,\n",
    "    COUNT(DISTINCT e.encounter_id) AS total_encounters,\n",
    "    SUM(b.allowed_amount) AS total_revenue,\n",
    "    ROUND(AVG(b.allowed_amount), 2) AS avg_revenue_per_encounter\n",
    "FROM billing b\n",
    "INNER JOIN encounters e ON b.encounter_id = e.encounter_id\n",
    "INNER JOIN providers p ON e.provider_id = p.provider_id\n",
    "INNER JOIN specialties s ON p.specialty_id = s.specialty_id\n",
    "WHERE b.claim_status = 'Paid'\n",
    "GROUP BY \n",
    "    DATE_FORMAT(e.encounter_date, '%Y-%m'),\n",
    "    s.specialty_name\n",
    "ORDER BY \n",
    "    revenue_month,\n",
    "    total_revenue DESC;"
   ]
  },
  {
   "cell_type": "markdown",
   "metadata": {},
   "source": [
    "**Schema Analysis:**\n",
    "\n",
    "- **Tables joined**: 4 (billing → encounters → providers → specialties)\n",
    "- **Number of joins**: 3\n",
    "\n",
    "**Performance:**\n",
    "\n",
    "- **Execution time**: 0.0516 seconds (51.6 milliseconds)\n",
    "- **Estimated rows scanned**: 10,000 rows from billing table\n",
    "- **Actual rows processed**: 7,000 rows after filtering\n",
    "\n",
    "**Bottleneck Identified:**\n",
    "\n",
    "- **Table scan on billing**: Full table scan of 10,000 rows, then filtered to 7,000 rows\n",
    "- **Multiple sorts**: Data sorted twice (once before grouping, once after aggregation)\n",
    "- **JOIN chain overhead**: Each of the 7,000 billing records requires 3 index lookups\n",
    "- **Date calculation at query time**: `DATE_FORMAT()` computed 7,000 times during GROUP BY\n",
    "- **No indexes on claim_status**: Filtering happens after full table scan"
   ]
  },
  {
   "cell_type": "markdown",
   "metadata": {},
   "source": [
    "---\n",
    "\n",
    "## Part 3: Star Schema Design (OLAP)\n",
    "\n",
    "Design your dimensional model here."
   ]
  },
  {
   "cell_type": "markdown",
   "metadata": {},
   "source": [
    "### Star Schema ERD\n",
    "![Star Schema Diagram](../diagrams/star_schema.png)"
   ]
  },
  {
   "cell_type": "markdown",
   "metadata": {},
   "source": [
    "---\n",
    "\n",
    "## Part 4: Performance Comparison\n",
    "\n",
    "Compare OLTP vs Star Schema query performance."
   ]
  },
  {
   "cell_type": "markdown",
   "metadata": {},
   "source": [
    "### Question 1: Monthly Encounters by Specialty\n",
    "\n",
    "**Goal**: For each month and specialty, show total encounters and unique patients by encounter type."
   ]
  },
  {
   "cell_type": "code",
   "execution_count": 8,
   "metadata": {},
   "outputs": [
    {
     "name": "stdout",
     "output_type": "stream",
     "text": [
      " * mysql+pymysql://root:***@localhost:3306/healthcare_analytics_lab\n",
      "1 rows affected.\n"
     ]
    },
    {
     "data": {
      "text/html": [
       "<table>\n",
       "    <thead>\n",
       "        <tr>\n",
       "            <th>EXPLAIN</th>\n",
       "        </tr>\n",
       "    </thead>\n",
       "    <tbody>\n",
       "        <tr>\n",
       "            <td>-&gt; Group aggregate: count(fact_encounters.encounter_key), count(distinct fact_encounters.patient_key)  (actual time=68.3..75.6 rows=727 loops=1)<br>    -&gt; Sort: dd.`year_month`, ds.specialty_name, det.encounter_type  (actual time=68.3..69.6 rows=10200 loops=1)<br>        -&gt; Stream results  (cost=6982 rows=9964) (actual time=2.26..53.8 rows=10200 loops=1)<br>            -&gt; Nested loop inner join  (cost=6982 rows=9964) (actual time=2.26..46.6 rows=10200 loops=1)<br>                -&gt; Nested loop inner join  (cost=3494 rows=9964) (actual time=2.15..28 rows=10200 loops=1)<br>                    -&gt; Inner hash join (no condition)  (cost=6.8 rows=60) (actual time=0.28..0.414 rows=60 loops=1)<br>                        -&gt; Table scan on ds  (cost=0.75 rows=20) (actual time=0.12..0.186 rows=20 loops=1)<br>                        -&gt; Hash<br>                            -&gt; Covering index scan on det using encounter_type  (cost=0.55 rows=3) (actual time=0.0763..0.081 rows=3 loops=1)<br>                    -&gt; Index lookup on fe using idx_specialty_encounter_type (specialty_key=ds.specialty_key, encounter_type_key=det.encounter_type_key)  (cost=41.8 rows=166) (actual time=0.322..0.446 rows=170 loops=60)<br>                -&gt; Single-row index lookup on dd using PRIMARY (date_key=fe.date_key)  (cost=0.25 rows=1) (actual time=0.00162..0.00166 rows=1 loops=10200)<br></td>\n",
       "        </tr>\n",
       "    </tbody>\n",
       "</table>"
      ],
      "text/plain": [
       "[('-> Group aggregate: count(fact_encounters.encounter_key), count(distinct fact_encounters.patient_key)  (actual time=68.3..75.6 rows=727 loops=1)\\n    ... (1049 characters truncated) ...         -> Single-row index lookup on dd using PRIMARY (date_key=fe.date_key)  (cost=0.25 rows=1) (actual time=0.00162..0.00166 rows=1 loops=10200)\\n',)]"
      ]
     },
     "execution_count": 8,
     "metadata": {},
     "output_type": "execute_result"
    }
   ],
   "source": [
    "%%sql\n",
    "\n",
    "EXPLAIN ANALYZE\n",
    "SELECT \n",
    "    dd.year_month AS encounter_month,\n",
    "    ds.specialty_name,\n",
    "    det.encounter_type,\n",
    "    COUNT(fe.encounter_key) AS total_encounters,\n",
    "    COUNT(DISTINCT fe.patient_key) AS unique_patients\n",
    "FROM fact_encounters fe\n",
    "INNER JOIN dim_date dd ON fe.date_key = dd.date_key\n",
    "INNER JOIN dim_specialty ds ON fe.specialty_key = ds.specialty_key\n",
    "INNER JOIN dim_encounter_type det ON fe.encounter_type_key = det.encounter_type_key\n",
    "GROUP BY \n",
    "    dd.year_month,\n",
    "    ds.specialty_name,\n",
    "    det.encounter_type\n",
    "ORDER BY \n",
    "    encounter_month,\n",
    "    ds.specialty_name,\n",
    "    det.encounter_type;\n"
   ]
  },
  {
   "cell_type": "markdown",
   "metadata": {},
   "source": [
    "### OLTP vs. OLAP Performance Comparison (Q1)\n",
    "\n",
    "| Feature | OLTP (Normalized) | OLAP (Star Schema) | Impact |\n",
    "| :--- | :--- | :--- | :--- |\n",
    "| **Execution Time** | ~51.8 ms | ~48.7 ms | **~6% Improvement** |\n",
    "| **Tables Joined** | 3 (`encounters` → `providers` → `specialties`) | 4 (`fact` → `date`, `specialty`, `encounter_type`) | More joins, but simpler keys |\n",
    "| **Join Strategy** | Nested Loop Joins (Row-by-Row) | Index Lookups & Hash Joins | **Set-based processing** (more efficient) |\n",
    "| **Rows Scanned** | ~9,784 (Full Scan + Indexes) | 10,000 (Index Driven) | Similar scale, but OLAP access is ordered |\n",
    "| **Complexity** | `DATE_FORMAT()` at runtime | Pre-computed `dim_date.year_month` | **Zero runtime calculations** |\n",
    "| **Sorting** | Sort 10k rows *before* grouping | Aggregate *then* Sort | **Reduced CPU overhead** |"
   ]
  },
  {
   "cell_type": "markdown",
   "metadata": {},
   "source": [
    "### Question 2: Top Diagnosis-Procedure Pairs\n",
    "\n",
    "**Goal**: What are the most common diagnosis-procedure combinations?"
   ]
  },
  {
   "cell_type": "code",
   "execution_count": 10,
   "metadata": {},
   "outputs": [
    {
     "name": "stdout",
     "output_type": "stream",
     "text": [
      " * mysql+pymysql://root:***@localhost:3306/healthcare_analytics_lab\n",
      "1 rows affected.\n"
     ]
    },
    {
     "data": {
      "text/html": [
       "<table>\n",
       "    <thead>\n",
       "        <tr>\n",
       "            <th>EXPLAIN</th>\n",
       "        </tr>\n",
       "    </thead>\n",
       "    <tbody>\n",
       "        <tr>\n",
       "            <td>-&gt; Sort: encounter_count DESC  (actual time=177..177 rows=592 loops=1)<br>    -&gt; Stream results  (actual time=167..177 rows=592 loops=1)<br>        -&gt; Group aggregate: count(distinct fact_encounters.encounter_key)  (actual time=167..176 rows=592 loops=1)<br>            -&gt; Sort: dd.icd10_code, dd.icd10_description, dp.cpt_code, dp.cpt_description  (actual time=167..169 rows=10200 loops=1)<br>                -&gt; Stream results  (cost=14687 rows=9781) (actual time=0.678..147 rows=10200 loops=1)<br>                    -&gt; Nested loop inner join  (cost=14687 rows=9781) (actual time=0.673..137 rows=10200 loops=1)<br>                        -&gt; Nested loop inner join  (cost=11264 rows=9781) (actual time=0.629..117 rows=10200 loops=1)<br>                            -&gt; Nested loop inner join  (cost=7840 rows=9781) (actual time=0.499..81.5 rows=10200 loops=1)<br>                                -&gt; Nested loop inner join  (cost=4417 rows=9781) (actual time=0.492..60 rows=10200 loops=1)<br>                                    -&gt; Table scan on dd  (cost=993 rows=9691) (actual time=0.185..8.95 rows=10000 loops=1)<br>                                    -&gt; Index lookup on bd using idx_diagnosis_key (diagnosis_key=dd.diagnosis_key)  (cost=0.252 rows=1.01) (actual time=0.00416..0.00489 rows=1.02 loops=10000)<br>                                -&gt; Single-row covering index lookup on fe using PRIMARY (encounter_key=bd.encounter_key)  (cost=0.25 rows=1) (actual time=0.00188..0.00191 rows=1 loops=10200)<br>                            -&gt; Covering index lookup on bp using idx_encounter_procedure (encounter_key=bd.encounter_key)  (cost=0.25 rows=1) (actual time=0.00225..0.00324 rows=1 loops=10200)<br>                        -&gt; Single-row index lookup on dp using PRIMARY (procedure_key=bp.procedure_key)  (cost=0.25 rows=1) (actual time=0.00174..0.00178 rows=1 loops=10200)<br></td>\n",
       "        </tr>\n",
       "    </tbody>\n",
       "</table>"
      ],
      "text/plain": [
       "[('-> Sort: encounter_count DESC  (actual time=177..177 rows=592 loops=1)\\n    -> Stream results  (actual time=167..177 rows=592 loops=1)\\n        -> Gr ... (1550 characters truncated) ...  Single-row index lookup on dp using PRIMARY (procedure_key=bp.procedure_key)  (cost=0.25 rows=1) (actual time=0.00174..0.00178 rows=1 loops=10200)\\n',)]"
      ]
     },
     "execution_count": 10,
     "metadata": {},
     "output_type": "execute_result"
    }
   ],
   "source": [
    "%%sql\n",
    "\n",
    "EXPLAIN ANALYZE\n",
    "SELECT \n",
    "    dd.icd10_code,\n",
    "    dd.icd10_description,\n",
    "    dp.cpt_code,\n",
    "    dp.cpt_description,\n",
    "    COUNT(DISTINCT fe.encounter_key) AS encounter_count\n",
    "FROM fact_encounters fe\n",
    "INNER JOIN bridge_encounter_diagnoses bd ON fe.encounter_key = bd.encounter_key\n",
    "INNER JOIN dim_diagnosis dd ON bd.diagnosis_key = dd.diagnosis_key\n",
    "INNER JOIN bridge_encounter_procedures bp ON fe.encounter_key = bp.encounter_key\n",
    "INNER JOIN dim_procedure dp ON bp.procedure_key = dp.procedure_key\n",
    "GROUP BY \n",
    "    dd.icd10_code,\n",
    "    dd.icd10_description,\n",
    "    dp.cpt_code,\n",
    "    dp.cpt_description\n",
    "ORDER BY \n",
    "    encounter_count DESC;"
   ]
  },
  {
   "cell_type": "markdown",
   "metadata": {},
   "source": [
    "### OLTP vs. OLAP Performance Comparison (Q2)\n",
    "\n",
    "| Feature | OLTP (Normalized) | OLAP (Star Schema) | Impact |\n",
    "| :--- | :--- | :--- | :--- |\n",
    "| **Execution Time** | ~108 ms | ~102 ms | **~5.5% Improvement** |\n",
    "| **Tables Joined** | 4 (`join` tables + `ref` tables) | 4 (`fact` + `bridge` + `dims`) | Bridge tables streamline Many-to-Many logic |\n",
    "| **Join Strategy** | Table Scan on `diagnoses` first | **Index Scan on Bridge** (`bridge_encounter_diagnoses`) first | OLAP avoids full text scan, starts with keys |\n",
    "| **Rows Scanned** | 10,000 (Full Table Scan) | 10,000 (Covering Index) | **Memory efficient**: Reads only index pages, not full rows |\n",
    "| **Cartesian Impact** | Multiple nested loops on large intermediate set | Streamlined via Bridge Keys | Faster traversal of M:M relationships |\n",
    "| **Complexity** | Text-based grouping on 4 columns | Integer-key joins before grouping | **Simpler lookup** for the engine |"
   ]
  },
  {
   "cell_type": "markdown",
   "metadata": {},
   "source": [
    "### Question 3: 30-Day Readmission Rate\n",
    "\n",
    "**Goal**: Which specialty has the highest readmission rate?"
   ]
  },
  {
   "cell_type": "code",
   "execution_count": 11,
   "metadata": {},
   "outputs": [
    {
     "name": "stdout",
     "output_type": "stream",
     "text": [
      " * mysql+pymysql://root:***@localhost:3306/healthcare_analytics_lab\n",
      "1 rows affected.\n"
     ]
    },
    {
     "data": {
      "text/html": [
       "<table>\n",
       "    <thead>\n",
       "        <tr>\n",
       "            <th>EXPLAIN</th>\n",
       "        </tr>\n",
       "    </thead>\n",
       "    <tbody>\n",
       "        <tr>\n",
       "            <td>-&gt; Sort: readmission_rate_percent DESC  (actual time=14.6..14.7 rows=20 loops=1)<br>    -&gt; Table scan on &lt;temporary&gt;  (actual time=14.6..14.6 rows=20 loops=1)<br>        -&gt; Aggregate using temporary table  (actual time=14.6..14.6 rows=20 loops=1)<br>            -&gt; Nested loop inner join  (cost=1165 rows=3321) (actual time=0.0912..8.52 rows=3533 loops=1)<br>                -&gt; Table scan on ds  (cost=2.25 rows=20) (actual time=0.0116..0.0351 rows=20 loops=1)<br>                -&gt; Index lookup on fe using idx_specialty_encounter_type (specialty_key=ds.specialty_key, encounter_type_key=&#x27;2&#x27;)  (cost=42.3 rows=166) (actual time=0.113..0.411 rows=177 loops=20)<br></td>\n",
       "        </tr>\n",
       "    </tbody>\n",
       "</table>"
      ],
      "text/plain": [
       "[(\"-> Sort: readmission_rate_percent DESC  (actual time=14.6..14.7 rows=20 loops=1)\\n    -> Table scan on <temporary>  (actual time=14.6..14.6 rows=20 l ... (354 characters truncated) ... pecialty_encounter_type (specialty_key=ds.specialty_key, encounter_type_key='2')  (cost=42.3 rows=166) (actual time=0.113..0.411 rows=177 loops=20)\\n\",)]"
      ]
     },
     "execution_count": 11,
     "metadata": {},
     "output_type": "execute_result"
    }
   ],
   "source": [
    "%%sql\n",
    "\n",
    "EXPLAIN ANALYZE\n",
    "SELECT \n",
    "    ds.specialty_name,\n",
    "    COUNT(fe.encounter_key) AS total_discharges,\n",
    "    SUM(CASE WHEN fe.is_readmission = 1 THEN 1 ELSE 0 END) AS readmissions_within_30days,\n",
    "    ROUND(SUM(CASE WHEN fe.is_readmission = 1 THEN 1 ELSE 0 END) * 100.0 / \n",
    "          COUNT(fe.encounter_key), 2) AS readmission_rate_percent\n",
    "FROM fact_encounters fe\n",
    "INNER JOIN dim_specialty ds ON fe.specialty_key = ds.specialty_key\n",
    "INNER JOIN dim_encounter_type det ON fe.encounter_type_key = det.encounter_type_key\n",
    "WHERE det.encounter_type = 'Inpatient'\n",
    "GROUP BY ds.specialty_name\n",
    "ORDER BY readmission_rate_percent DESC;"
   ]
  },
  {
   "cell_type": "markdown",
   "metadata": {},
   "source": [
    "### OLTP vs. OLAP Performance Comparison (Q3)\n",
    "\n",
    "| Feature | OLTP (Normalized) | OLAP (Star Schema) | Impact |\n",
    "| :--- | :--- | :--- | :--- |\n",
    "| **Execution Time** | ~31.9 ms | ~11.1 ms | **~65% Improvement** |\n",
    "| **Join Strategy** | **Complex Self-Join** + Left Join | Simple Fact-Dimension Joins | Eliminated the most expensive operation |\n",
    "| **Complexity** | `DATEDIFF()` calc for *every* patient pair | **Pre-computed Flag** (`is_readmission`) | Calculation moved to ETL (Write-Once, Read-Many) |\n",
    "| **Data Scanning** | Scanned 10,000 rows, filtered to 3,333 | Index Scan for `encounter_type='Inpatient'` | Direct access to relevant rows |\n",
    "| **Aggregation** | `COUNT(DISTINCT)` on self-joined set | Simple `SUM(CASE...)` | Much faster mathematical operation |\n",
    "| **Scalability** | Exponentially slower as history grows | Linear performance scalability | Critical for historical analysis |"
   ]
  },
  {
   "cell_type": "markdown",
   "metadata": {},
   "source": [
    "### Question 4: Revenue by Specialty & Month\n",
    "\n",
    "**Goal**: Total allowed amounts by specialty and month."
   ]
  },
  {
   "cell_type": "code",
   "execution_count": 12,
   "metadata": {},
   "outputs": [
    {
     "name": "stdout",
     "output_type": "stream",
     "text": [
      " * mysql+pymysql://root:***@localhost:3306/healthcare_analytics_lab\n",
      "1 rows affected.\n"
     ]
    },
    {
     "data": {
      "text/html": [
       "<table>\n",
       "    <thead>\n",
       "        <tr>\n",
       "            <th>EXPLAIN</th>\n",
       "        </tr>\n",
       "    </thead>\n",
       "    <tbody>\n",
       "        <tr>\n",
       "            <td>-&gt; Sort: dd.`year_month`, total_revenue DESC  (actual time=66.8..66.8 rows=247 loops=1)<br>    -&gt; Table scan on &lt;temporary&gt;  (actual time=66.5..66.5 rows=247 loops=1)<br>        -&gt; Aggregate using temporary table  (actual time=66.5..66.5 rows=247 loops=1)<br>            -&gt; Nested loop inner join  (cost=1718 rows=996) (actual time=0.854..43.6 rows=10200 loops=1)<br>                -&gt; Nested loop inner join  (cost=1369 rows=996) (actual time=0.845..25.9 rows=10200 loops=1)<br>                    -&gt; Filter: (fe.has_billing = true)  (cost=1021 rows=996) (actual time=0.81..8.96 rows=10200 loops=1)<br>                        -&gt; Table scan on fe  (cost=1021 rows=9964) (actual time=0.808..7.63 rows=10200 loops=1)<br>                    -&gt; Single-row index lookup on ds using PRIMARY (specialty_key=fe.specialty_key)  (cost=0.25 rows=1) (actual time=0.00143..0.00146 rows=1 loops=10200)<br>                -&gt; Single-row index lookup on dd using PRIMARY (date_key=fe.date_key)  (cost=0.25 rows=1) (actual time=0.00149..0.00153 rows=1 loops=10200)<br></td>\n",
       "        </tr>\n",
       "    </tbody>\n",
       "</table>"
      ],
      "text/plain": [
       "[('-> Sort: dd.`year_month`, total_revenue DESC  (actual time=66.8..66.8 rows=247 loops=1)\\n    -> Table scan on <temporary>  (actual time=66.5..66.5 ro ... (734 characters truncated) ...         -> Single-row index lookup on dd using PRIMARY (date_key=fe.date_key)  (cost=0.25 rows=1) (actual time=0.00149..0.00153 rows=1 loops=10200)\\n',)]"
      ]
     },
     "execution_count": 12,
     "metadata": {},
     "output_type": "execute_result"
    }
   ],
   "source": [
    "%%sql\n",
    "\n",
    "EXPLAIN ANALYZE\n",
    "SELECT \n",
    "    dd.year_month AS revenue_month,\n",
    "    ds.specialty_name,\n",
    "    COUNT(fe.encounter_key) AS total_encounters,\n",
    "    SUM(fe.total_allowed_amount) AS total_revenue,\n",
    "    ROUND(AVG(fe.total_allowed_amount), 2) AS avg_revenue_per_encounter\n",
    "FROM fact_encounters fe\n",
    "INNER JOIN dim_date dd ON fe.date_key = dd.date_key\n",
    "INNER JOIN dim_specialty ds ON fe.specialty_key = ds.specialty_key\n",
    "WHERE fe.has_billing = TRUE\n",
    "GROUP BY \n",
    "    dd.year_month,\n",
    "    ds.specialty_name\n",
    "ORDER BY \n",
    "    revenue_month,\n",
    "    total_revenue DESC;"
   ]
  },
  {
   "cell_type": "markdown",
   "metadata": {
    "jp-MarkdownHeadingCollapsed": true
   },
   "source": [
    "### OLTP vs. OLAP Performance Comparison (Q4)\n",
    "\n",
    "| Feature | OLTP (Normalized) | OLAP (Star Schema) | Impact |\n",
    "| :--- | :--- | :--- | :--- |\n",
    "| **Execution Time** | ~45.2 ms | ~26.2 ms | **~42% Improvement** |\n",
    "| **Tables Joined** | 4 (`billing` → `encounters` → `providers` → `specialties`) | 3 (`fact` → `date`, `specialty`) | **Removed 1 Table**: Billing data is now in Fact |\n",
    "| **Strategy** | Scan `billing`, filter 'Paid', then join 3 tables | Scan `fact`, filter `has_billing`, join 2 dims | Fewer joins = Faster execution |\n",
    "| **Filtering** | String comparison (`claim_status = 'Paid'`) | Boolean Flag (`has_billing = TRUE`) | Integer/Boolean comparison is faster |\n",
    "| **Complexity** | `DATE_FORMAT()` at runtime | Pre-computed `year_month` | Zero CPU cycles on date logic |\n",
    "| **Sorting** | Sort 7,000 rows *before* grouping | Aggregate *then* Sort | More efficient sorting pipeline |"
   ]
  }
 ],
 "metadata": {
  "kernelspec": {
   "display_name": ".venv",
   "language": "python",
   "name": "python3"
  },
  "language_info": {
   "codemirror_mode": {
    "name": "ipython",
    "version": 3
   },
   "file_extension": ".py",
   "mimetype": "text/x-python",
   "name": "python",
   "nbconvert_exporter": "python",
   "pygments_lexer": "ipython3",
   "version": "3.12.10"
  }
 },
 "nbformat": 4,
 "nbformat_minor": 4
}
